["LPQAIMWELB",[{"InstanceId":"i-dd013d07"}]]
["LPStageIMAELB",[{"InstanceId":"i-0a3b52d2"}]]
["LPProdIMAELB",[{"InstanceId":"i-b1a4d169"}]]
["LPProdAppELB",[{"InstanceId":"i-0cbec3d4"}]]
["PGQAELBWeb1",[{"InstanceId":"i-0e2907db255aa1b84"}]]
["PGQAELBRest1",[{"InstanceId":"i-04ef4e5c678b2b07e"}]]
["Shippermate-LB",[{"InstanceId":"i-0e3005533ad4f0dad"}]]
["PGDevELBWeb1",[{"InstanceId":"i-0a7c9d1a06f2e03e0"}]]
["PGDevELBRest1",[{"InstanceId":"i-030efeda5076139ca"}]]
["ShipermateProdLB",[{"InstanceId":"i-09926dc19f3a7e280"},{"InstanceId":"i-cd6b4e15"}]]
["RADevELB",[{"InstanceId":"i-004f4d29e3c791c0f"}]]
["RA2ProdInternalHadoopAPILB",[{"InstanceId":"i-02542283fca1c2ad9"},{"InstanceId":"i-02531fde4a8e45b04"}]]
["RAProdELB",[{"InstanceId":"i-09a7b15fa93d7eb3e"},{"InstanceId":"i-516a8b97"}]]
["Shippermate-Dev",[{"InstanceId":"i-036937f70b1e7d1e3"}]]
["RTFProdELB",[]]
["Shippermate-QA",[{"InstanceId":"i-0d127510dbfbd4c34"}]]
["RAProdWebELB",[{"InstanceId":"i-083e064b9d0c9e0a3"},{"InstanceId":"i-0ac7d9f92e49853f6"}]]
["GCSSTG-FrontEndELB-8C7OHGQE0IE5",[{"InstanceId":"i-0fa674949d5bc92a1"}]]
["GCSPROD-FrontEndEL-OXC02X4TE7WZ",[{"InstanceId":"i-041c7975536faef26"},{"InstanceId":"i-0f20c92b288809f11"}]]
["HadoopProdAirflowELB",[{"InstanceId":"i-02531fde4a8e45b04"},{"InstanceId":"i-07d961189fecdeea5"}]]
["HadoopProdRabbitMBELB",[{"InstanceId":"i-02531fde4a8e45b04"},{"InstanceId":"i-07d961189fecdeea5"}]]
["PGStageELBWeb1",[{"InstanceId":"i-07a1346779ca7f8ef"}]]
["PGStageELBRest1",[{"InstanceId":"i-08673e548c02d1ef2"}]]
["GCS-DevCMSFrontEnd",[]]
["GCSStage2-II-MyELB-F2TUD9G1DN58",[{"InstanceId":"i-08c2a7f0f019187ed"}]]
["GCSQA2-IIS-H-MyELB-AX9XZURWU03Q",[{"InstanceId":"i-0e1261b12c0b43056"}]]
["CGSDEV-IIS-C-MyELB-IYV3CWQOVC70",[{"InstanceId":"i-03d46a98298ba129f"}]]
["LPLoadsMicro-MyELB-10BJ2LBMVX006",[{"InstanceId":"i-0dde09f9637f694c0"}]]
["LPIntegratio-MyELB-NWMV9HIJWUXK",[{"InstanceId":"i-0ddbb7e1c2ffe54b1"}]]
["LPCustMicros-MyELB-GTYTRYQ9IJHO",[{"InstanceId":"i-0f77126c243bdd76f"}]]
["LPProdMaster-MyELB-14O057EWVOPCA",[{"InstanceId":"i-0b941b1d305a5d481"}]]
["LPProdLoads-MyELB-ZH2JPKTW6W41",[{"InstanceId":"i-07ab85409cfb8fd0b"}]]
["LPProdCustMi-MyELB-M5GLHUCJUI4I",[{"InstanceId":"i-0c818e876d220de8a"}]]
["LPProdWebSit-MyELB-1ZOSDBKBRTKM",[{"InstanceId":"i-0086080ddafd140cc"}]]
["RAProdIntegrationELB",[{"InstanceId":"i-01cdacdd0d34eada0"},{"InstanceId":"i-03f139f9df9259b14"}]]
["LPStageInteg-MyELB-19PPFGAN2TU7E",[{"InstanceId":"i-01e65b4e4fa1ec239"}]]
["LPStageCusto-MyELB-26O70XCH530Q",[{"InstanceId":"i-05606e27bddd3615f"}]]
["LPStageLoads-MyELB-7RX1NSR0I11U",[{"InstanceId":"i-06fab6a85d37082a4"}]]
["LPStageWebSi-MyELB-KPT9G9ZE9FIM",[{"InstanceId":"i-0ff0d91dd78e2034c"}]]
["T4C-CMSNginxQAELB",[{"InstanceId":"i-09656427157a286b6"}]]
["RA2CMSProdRedirELB",[{"InstanceId":"i-08e84074eb5cb8138"}]]
["TempRA20",[{"InstanceId":"i-004f4d29e3c791c0f"}]]
["PGProdWebELB",[{"InstanceId":"i-0aadebe729e56fe92"}]]
["PGProdRestELB",[{"InstanceId":"i-0d50faa9697132343"}]]
["IntDEVWebELB",[{"InstanceId":"i-042a828424ed9b0a2"}]]
["LPQAWebSite-MyELB-1N1ZSQNALRIEI",[{"InstanceId":"i-02edaada60fe01913"}]]
["LPQAMasterDa-MyELB-1W17THTF24L29",[{"InstanceId":"i-0e0fe6c0e3831966a"}]]
["GCSStageInte-MyELB-14XK3YNLJ5WDD",[{"InstanceId":"i-0b27803867bc5011e"}]]
["CGSQAIntegra-MyELB-91HBZNA30WQS",[{"InstanceId":"i-08006b4da61b8690b"}]]
["GCSQAIntegra-MyELB-CLF7WTKWNG65",[{"InstanceId":"i-0602d068d3e039e83"}]]
["RAPRODDB",[{"InstanceId":"i-00ed2076a482662b1"},{"InstanceId":"i-089bd85657aca5793"}]]
["GCSINTWebSit-MyELB-1S4CQ4ZENB87I",[{"InstanceId":"i-0e5934e137e7e506a"}]]
