{
    "DBInstances": [
        {
            "DBParameterGroups": [
                {
                    "ParameterApplyStatus": "in-sync",
                    "DBParameterGroupName": "default.aurora5.6"
                }
            ],
            "VpcSecurityGroups": [
                {
                    "Status": "active",
                    "VpcSecurityGroupId": "sg-fe0b8999"
                }
            ],
            "DbiResourceId": "db-L5ONPOSTGYXNTGV6P4B2LACMLY",
            "PreferredBackupWindow": "08:04-08:34",
            "LicenseModel": "general-public-license",
            "DbInstancePort": 0,
            "OptionGroupMemberships": [
                {
                    "OptionGroupName": "default:aurora-5-6",
                    "Status": "in-sync"
                }
            ],
            "PreferredMaintenanceWindow": "sat:19:00-sat:20:00",
            "MasterUsername": "tsadmin",
            "PendingModifiedValues": {},
            "StorageEncrypted": false,
            "EngineVersion": "5.6.10a",
            "MultiAZ": false,
            "CopyTagsToSnapshot": false,
            "EnhancedMonitoringResourceArn": "arn:aws:logs:us-west-2:155403084636:log-group:RDSOSMetrics:log-stream:db-L5ONPOSTGYXNTGV6P4B2LACMLY",
            "AllocatedStorage": 1,
            "DBSubnetGroup": {
                "SubnetGroupStatus": "Complete",
                "DBSubnetGroupDescription": "DONT USE Production, Stage, and Admin",
                "Subnets": [
                    {
                        "SubnetStatus": "Active",
                        "SubnetIdentifier": "subnet-6f6ffe0a",
                        "SubnetAvailabilityZone": {
                            "Name": "us-west-2a"
                        }
                    },
                    {
                        "SubnetStatus": "Active",
                        "SubnetIdentifier": "subnet-e41cab93",
                        "SubnetAvailabilityZone": {
                            "Name": "us-west-2b"
                        }
                    },
                    {
                        "SubnetStatus": "Active",
                        "SubnetIdentifier": "subnet-c5ba44a1",
                        "SubnetAvailabilityZone": {
                            "Name": "us-west-2a"
                        }
                    },
                    {
                        "SubnetStatus": "Active",
                        "SubnetIdentifier": "subnet-cf180bb8",
                        "SubnetAvailabilityZone": {
                            "Name": "us-west-2b"
                        }
                    }
                ],
                "DBSubnetGroupName": "prodstageadmin",
                "VpcId": "vpc-bace76df"
            },
            "InstanceCreateTime": "2016-04-19T17:12:17.182Z",
            "Engine": "aurora",
            "DBSecurityGroups": [],
            "PubliclyAccessible": false,
            "DBClusterIdentifier": "awstsgcms",
            "Endpoint": {
                "Address": "awstsgcmsinstance.cyeiq5qizewt.us-west-2.rds.amazonaws.com",
                "HostedZoneId": "Z1PVIF0B656C1W",
                "Port": 3306
            },
            "DBInstanceStatus": "available",
            "CACertificateIdentifier": "rds-ca-2015",
            "DBInstanceClass": "db.r3.large",
            "StorageType": "aurora",
            "MonitoringRoleArn": "arn:aws:iam::155403084636:role/rds-monitoring-role",
            "AutoMinorVersionUpgrade": true,
            "MonitoringInterval": 60,
            "BackupRetentionPeriod": 5,
            "DBInstanceIdentifier": "awstsgcmsinstance",
            "AvailabilityZone": "us-west-2a",
            "ReadReplicaDBInstanceIdentifiers": []
        },
        {
            "DBParameterGroups": [
                {
                    "ParameterApplyStatus": "in-sync",
                    "DBParameterGroupName": "default.aurora5.6"
                }
            ],
            "VpcSecurityGroups": [
                {
                    "Status": "active",
                    "VpcSecurityGroupId": "sg-fe0b8999"
                }
            ],
            "DbiResourceId": "db-R3KGGT2N4ZVJEIGPDVTN4TTZRU",
            "PreferredBackupWindow": "08:04-08:34",
            "LicenseModel": "general-public-license",
            "DbInstancePort": 0,
            "OptionGroupMemberships": [
                {
                    "OptionGroupName": "default:aurora-5-6",
                    "Status": "in-sync"
                }
            ],
            "PreferredMaintenanceWindow": "sat:05:00-sat:05:30",
            "MasterUsername": "tsadmin",
            "PendingModifiedValues": {},
            "StorageEncrypted": false,
            "EngineVersion": "5.6.10a",
            "MultiAZ": false,
            "CopyTagsToSnapshot": false,
            "EnhancedMonitoringResourceArn": "arn:aws:logs:us-west-2:155403084636:log-group:RDSOSMetrics:log-stream:db-R3KGGT2N4ZVJEIGPDVTN4TTZRU",
            "AllocatedStorage": 1,
            "DBSubnetGroup": {
                "SubnetGroupStatus": "Complete",
                "DBSubnetGroupDescription": "DONT USE Production, Stage, and Admin",
                "Subnets": [
                    {
                        "SubnetStatus": "Active",
                        "SubnetIdentifier": "subnet-6f6ffe0a",
                        "SubnetAvailabilityZone": {
                            "Name": "us-west-2a"
                        }
                    },
                    {
                        "SubnetStatus": "Active",
                        "SubnetIdentifier": "subnet-e41cab93",
                        "SubnetAvailabilityZone": {
                            "Name": "us-west-2b"
                        }
                    },
                    {
                        "SubnetStatus": "Active",
                        "SubnetIdentifier": "subnet-c5ba44a1",
                        "SubnetAvailabilityZone": {
                            "Name": "us-west-2a"
                        }
                    },
                    {
                        "SubnetStatus": "Active",
                        "SubnetIdentifier": "subnet-cf180bb8",
                        "SubnetAvailabilityZone": {
                            "Name": "us-west-2b"
                        }
                    }
                ],
                "DBSubnetGroupName": "prodstageadmin",
                "VpcId": "vpc-bace76df"
            },
            "InstanceCreateTime": "2016-04-19T17:13:49.259Z",
            "Engine": "aurora",
            "DBSecurityGroups": [],
            "PubliclyAccessible": false,
            "DBClusterIdentifier": "awstsgcms",
            "Endpoint": {
                "Address": "awstsgcmsinstance-us-west-2b.cyeiq5qizewt.us-west-2.rds.amazonaws.com",
                "HostedZoneId": "Z1PVIF0B656C1W",
                "Port": 3306
            },
            "DBInstanceStatus": "available",
            "CACertificateIdentifier": "rds-ca-2015",
            "DBInstanceClass": "db.r3.large",
            "StorageType": "aurora",
            "MonitoringRoleArn": "arn:aws:iam::155403084636:role/rds-monitoring-role",
            "AutoMinorVersionUpgrade": true,
            "MonitoringInterval": 60,
            "BackupRetentionPeriod": 5,
            "DBInstanceIdentifier": "awstsgcmsinstance-us-west-2b",
            "AvailabilityZone": "us-west-2b",
            "ReadReplicaDBInstanceIdentifiers": []
        },
        {
            "DBParameterGroups": [
                {
                    "ParameterApplyStatus": "in-sync",
                    "DBParameterGroupName": "default.sqlserver-web-12.0"
                }
            ],
            "VpcSecurityGroups": [
                {
                    "Status": "active",
                    "VpcSecurityGroupId": "sg-902161f6"
                }
            ],
            "DbiResourceId": "db-PRZ66O2LUJYVCK36WOKW3FKICM",
            "PreferredBackupWindow": "07:38-08:08",
            "LicenseModel": "license-included",
            "DbInstancePort": 0,
            "OptionGroupMemberships": [
                {
                    "OptionGroupName": "default:sqlserver-web-12-00",
                    "Status": "in-sync"
                }
            ],
            "PreferredMaintenanceWindow": "sun:10:53-sun:11:23",
            "MasterUsername": "sa",
            "PendingModifiedValues": {},
            "StorageEncrypted": false,
            "EngineVersion": "12.00.4422.0.v1",
            "LatestRestorableTime": "2016-11-17T19:12:01Z",
            "MultiAZ": false,
            "CopyTagsToSnapshot": true,
            "AllocatedStorage": 200,
            "DBSubnetGroup": {
                "SubnetGroupStatus": "Complete",
                "DBSubnetGroupDescription": "Use THIS- Dev Subnet Group",
                "Subnets": [
                    {
                        "SubnetStatus": "Active",
                        "SubnetIdentifier": "subnet-855e93dd",
                        "SubnetAvailabilityZone": {
                            "Name": "us-west-2c"
                        }
                    },
                    {
                        "SubnetStatus": "Active",
                        "SubnetIdentifier": "subnet-4c68d23a",
                        "SubnetAvailabilityZone": {
                            "Name": "us-west-2b"
                        }
                    },
                    {
                        "SubnetStatus": "Active",
                        "SubnetIdentifier": "subnet-c9adcead",
                        "SubnetAvailabilityZone": {
                            "Name": "us-west-2a"
                        }
                    }
                ],
                "DBSubnetGroupName": "dev",
                "VpcId": "vpc-bace76df"
            },
            "InstanceCreateTime": "2016-06-30T17:50:04.686Z",
            "Engine": "sqlserver-web",
            "DBSecurityGroups": [],
            "PubliclyAccessible": false,
            "Endpoint": {
                "Address": "cargoshielddev.cyeiq5qizewt.us-west-2.rds.amazonaws.com",
                "HostedZoneId": "Z1PVIF0B656C1W",
                "Port": 1433
            },
            "DBInstanceStatus": "available",
            "CACertificateIdentifier": "rds-ca-2015",
            "DBInstanceClass": "db.t2.small",
            "StorageType": "gp2",
            "AutoMinorVersionUpgrade": true,
            "MonitoringInterval": 0,
            "BackupRetentionPeriod": 7,
            "DBInstanceIdentifier": "cargoshielddev",
            "AvailabilityZone": "us-west-2c",
            "ReadReplicaDBInstanceIdentifiers": []
        },
        {
            "DBParameterGroups": [
                {
                    "ParameterApplyStatus": "in-sync",
                    "DBParameterGroupName": "default.mysql5.6"
                }
            ],
            "VpcSecurityGroups": [
                {
                    "Status": "active",
                    "VpcSecurityGroupId": "sg-fe0b8999"
                }
            ],
            "DBName": "devstartup",
            "DbiResourceId": "db-UJLWIZNGYX6F67DTAO6ISQC54I",
            "DBSecurityGroups": [],
            "LicenseModel": "general-public-license",
            "DbInstancePort": 0,
            "OptionGroupMemberships": [
                {
                    "OptionGroupName": "default:mysql-5-6",
                    "Status": "in-sync"
                }
            ],
            "PreferredMaintenanceWindow": "sun:12:32-sun:13:02",
            "MasterUsername": "awsdevroot",
            "PendingModifiedValues": {},
            "StorageEncrypted": false,
            "EngineVersion": "5.6.27",
            "LatestRestorableTime": "2016-11-17T19:10:00Z",
            "MultiAZ": false,
            "CopyTagsToSnapshot": true,
            "AllocatedStorage": 8,
            "DBSubnetGroup": {
                "SubnetGroupStatus": "Complete",
                "DBSubnetGroupDescription": "Use THIS- Dev Subnet Group",
                "Subnets": [
                    {
                        "SubnetStatus": "Active",
                        "SubnetIdentifier": "subnet-855e93dd",
                        "SubnetAvailabilityZone": {
                            "Name": "us-west-2c"
                        }
                    },
                    {
                        "SubnetStatus": "Active",
                        "SubnetIdentifier": "subnet-4c68d23a",
                        "SubnetAvailabilityZone": {
                            "Name": "us-west-2b"
                        }
                    },
                    {
                        "SubnetStatus": "Active",
                        "SubnetIdentifier": "subnet-c9adcead",
                        "SubnetAvailabilityZone": {
                            "Name": "us-west-2a"
                        }
                    }
                ],
                "DBSubnetGroupName": "dev",
                "VpcId": "vpc-bace76df"
            },
            "InstanceCreateTime": "2016-06-30T18:48:10.348Z",
            "Engine": "mysql",
            "PreferredBackupWindow": "09:33-10:03",
            "PubliclyAccessible": false,
            "Endpoint": {
                "Address": "dev.cyeiq5qizewt.us-west-2.rds.amazonaws.com",
                "HostedZoneId": "Z1PVIF0B656C1W",
                "Port": 3306
            },
            "DBInstanceStatus": "available",
            "CACertificateIdentifier": "rds-ca-2015",
            "DBInstanceClass": "db.t2.small",
            "StorageType": "gp2",
            "AutoMinorVersionUpgrade": true,
            "MonitoringInterval": 0,
            "BackupRetentionPeriod": 2,
            "DBInstanceIdentifier": "dev",
            "AvailabilityZone": "us-west-2c",
            "ReadReplicaDBInstanceIdentifiers": []
        },
        {
            "DBParameterGroups": [
                {
                    "ParameterApplyStatus": "in-sync",
                    "DBParameterGroupName": "default.mysql5.6"
                }
            ],
            "VpcSecurityGroups": [
                {
                    "Status": "active",
                    "VpcSecurityGroupId": "sg-e981e28f"
                }
            ],
            "DbiResourceId": "db-U7T3RBWG7SG6RAQUVVQZ52WZWM",
            "PreferredBackupWindow": "10:33-11:03",
            "LicenseModel": "general-public-license",
            "DbInstancePort": 0,
            "OptionGroupMemberships": [
                {
                    "OptionGroupName": "default:mysql-5-6",
                    "Status": "in-sync"
                }
            ],
            "PreferredMaintenanceWindow": "mon:13:07-mon:13:37",
            "MasterUsername": "devhadoop",
            "PendingModifiedValues": {},
            "StorageEncrypted": false,
            "EngineVersion": "5.6.27",
            "LatestRestorableTime": "2016-11-17T19:10:00Z",
            "MultiAZ": false,
            "CopyTagsToSnapshot": true,
            "AllocatedStorage": 8,
            "DBSubnetGroup": {
                "SubnetGroupStatus": "Complete",
                "DBSubnetGroupDescription": "Use THIS- Dev Subnet Group",
                "Subnets": [
                    {
                        "SubnetStatus": "Active",
                        "SubnetIdentifier": "subnet-855e93dd",
                        "SubnetAvailabilityZone": {
                            "Name": "us-west-2c"
                        }
                    },
                    {
                        "SubnetStatus": "Active",
                        "SubnetIdentifier": "subnet-4c68d23a",
                        "SubnetAvailabilityZone": {
                            "Name": "us-west-2b"
                        }
                    },
                    {
                        "SubnetStatus": "Active",
                        "SubnetIdentifier": "subnet-c9adcead",
                        "SubnetAvailabilityZone": {
                            "Name": "us-west-2a"
                        }
                    }
                ],
                "DBSubnetGroupName": "dev",
                "VpcId": "vpc-bace76df"
            },
            "InstanceCreateTime": "2016-06-30T18:36:17.096Z",
            "Engine": "mysql",
            "DBSecurityGroups": [],
            "PubliclyAccessible": false,
            "Endpoint": {
                "Address": "dev-hadoop.cyeiq5qizewt.us-west-2.rds.amazonaws.com",
                "HostedZoneId": "Z1PVIF0B656C1W",
                "Port": 3306
            },
            "DBInstanceStatus": "available",
            "CACertificateIdentifier": "rds-ca-2015",
            "DBInstanceClass": "db.t2.small",
            "StorageType": "gp2",
            "AutoMinorVersionUpgrade": true,
            "MonitoringInterval": 0,
            "BackupRetentionPeriod": 2,
            "DBInstanceIdentifier": "dev-hadoop",
            "AvailabilityZone": "us-west-2a",
            "ReadReplicaDBInstanceIdentifiers": []
        },
        {
            "DBParameterGroups": [
                {
                    "ParameterApplyStatus": "in-sync",
                    "DBParameterGroupName": "default.sqlserver-web-12.0"
                }
            ],
            "VpcSecurityGroups": [
                {
                    "Status": "active",
                    "VpcSecurityGroupId": "sg-66e5bc00"
                }
            ],
            "DbiResourceId": "db-HBVQCCKCZE7CIDZORY753KYN5Y",
            "PreferredBackupWindow": "06:55-07:25",
            "LicenseModel": "license-included",
            "DbInstancePort": 0,
            "OptionGroupMemberships": [
                {
                    "OptionGroupName": "default:sqlserver-web-12-00",
                    "Status": "in-sync"
                }
            ],
            "PreferredMaintenanceWindow": "mon:08:08-mon:08:38",
            "MasterUsername": "sa",
            "PendingModifiedValues": {},
            "StorageEncrypted": false,
            "EngineVersion": "12.00.4422.0.v1",
            "LatestRestorableTime": "2016-11-17T19:13:01Z",
            "MultiAZ": false,
            "CopyTagsToSnapshot": false,
            "AllocatedStorage": 100,
            "DBSubnetGroup": {
                "SubnetGroupStatus": "Complete",
                "DBSubnetGroupDescription": "DONT USE Production, Stage, and Admin",
                "Subnets": [
                    {
                        "SubnetStatus": "Active",
                        "SubnetIdentifier": "subnet-6f6ffe0a",
                        "SubnetAvailabilityZone": {
                            "Name": "us-west-2a"
                        }
                    },
                    {
                        "SubnetStatus": "Active",
                        "SubnetIdentifier": "subnet-e41cab93",
                        "SubnetAvailabilityZone": {
                            "Name": "us-west-2b"
                        }
                    },
                    {
                        "SubnetStatus": "Active",
                        "SubnetIdentifier": "subnet-c5ba44a1",
                        "SubnetAvailabilityZone": {
                            "Name": "us-west-2a"
                        }
                    },
                    {
                        "SubnetStatus": "Active",
                        "SubnetIdentifier": "subnet-cf180bb8",
                        "SubnetAvailabilityZone": {
                            "Name": "us-west-2b"
                        }
                    }
                ],
                "DBSubnetGroupName": "prodstageadmin",
                "VpcId": "vpc-bace76df"
            },
            "InstanceCreateTime": "2016-03-28T20:58:09.219Z",
            "Engine": "sqlserver-web",
            "DBSecurityGroups": [],
            "PubliclyAccessible": false,
            "Endpoint": {
                "Address": "gcsproddb.cyeiq5qizewt.us-west-2.rds.amazonaws.com",
                "HostedZoneId": "Z1PVIF0B656C1W",
                "Port": 1433
            },
            "DBInstanceStatus": "available",
            "CACertificateIdentifier": "rds-ca-2015",
            "DBInstanceClass": "db.t2.medium",
            "StorageType": "gp2",
            "AutoMinorVersionUpgrade": true,
            "MonitoringInterval": 0,
            "BackupRetentionPeriod": 7,
            "DBInstanceIdentifier": "gcsproddb",
            "AvailabilityZone": "us-west-2a",
            "ReadReplicaDBInstanceIdentifiers": []
        },
        {
            "DBParameterGroups": [
                {
                    "ParameterApplyStatus": "in-sync",
                    "DBParameterGroupName": "default.sqlserver-web-12.0"
                }
            ],
            "VpcSecurityGroups": [
                {
                    "Status": "active",
                    "VpcSecurityGroupId": "sg-66e5bc00"
                }
            ],
            "DbiResourceId": "db-K3RMTSYOZNS6LA45J3PMA6WVJA",
            "PreferredBackupWindow": "06:37-07:07",
            "LicenseModel": "license-included",
            "DbInstancePort": 0,
            "OptionGroupMemberships": [
                {
                    "OptionGroupName": "default:sqlserver-web-12-00",
                    "Status": "in-sync"
                }
            ],
            "PreferredMaintenanceWindow": "fri:11:48-fri:12:18",
            "MasterUsername": "sa",
            "PendingModifiedValues": {},
            "StorageEncrypted": false,
            "EngineVersion": "12.00.4422.0.v1",
            "LatestRestorableTime": "2016-11-17T19:09:01Z",
            "MultiAZ": false,
            "CopyTagsToSnapshot": false,
            "AllocatedStorage": 100,
            "DBSubnetGroup": {
                "SubnetGroupStatus": "Complete",
                "DBSubnetGroupDescription": "DONT USE Production, Stage, and Admin",
                "Subnets": [
                    {
                        "SubnetStatus": "Active",
                        "SubnetIdentifier": "subnet-6f6ffe0a",
                        "SubnetAvailabilityZone": {
                            "Name": "us-west-2a"
                        }
                    },
                    {
                        "SubnetStatus": "Active",
                        "SubnetIdentifier": "subnet-e41cab93",
                        "SubnetAvailabilityZone": {
                            "Name": "us-west-2b"
                        }
                    },
                    {
                        "SubnetStatus": "Active",
                        "SubnetIdentifier": "subnet-c5ba44a1",
                        "SubnetAvailabilityZone": {
                            "Name": "us-west-2a"
                        }
                    },
                    {
                        "SubnetStatus": "Active",
                        "SubnetIdentifier": "subnet-cf180bb8",
                        "SubnetAvailabilityZone": {
                            "Name": "us-west-2b"
                        }
                    }
                ],
                "DBSubnetGroupName": "prodstageadmin",
                "VpcId": "vpc-bace76df"
            },
            "InstanceCreateTime": "2016-11-02T21:03:40.166Z",
            "Engine": "sqlserver-web",
            "DBSecurityGroups": [],
            "PubliclyAccessible": false,
            "Endpoint": {
                "Address": "gcsuatdb.cyeiq5qizewt.us-west-2.rds.amazonaws.com",
                "HostedZoneId": "Z1PVIF0B656C1W",
                "Port": 1433
            },
            "DBInstanceStatus": "available",
            "CACertificateIdentifier": "rds-ca-2015",
            "DBInstanceClass": "db.t2.medium",
            "StorageType": "gp2",
            "AutoMinorVersionUpgrade": true,
            "MonitoringInterval": 0,
            "BackupRetentionPeriod": 35,
            "DBInstanceIdentifier": "gcsuatdb",
            "AvailabilityZone": "us-west-2a",
            "ReadReplicaDBInstanceIdentifiers": []
        },
        {
            "DBParameterGroups": [
                {
                    "ParameterApplyStatus": "in-sync",
                    "DBParameterGroupName": "default.sqlserver-se-12.0"
                }
            ],
            "VpcSecurityGroups": [
                {
                    "Status": "active",
                    "VpcSecurityGroupId": "sg-f2d58395"
                }
            ],
            "DbiResourceId": "db-D3YMQMVHPEVIBGRG4ZMFZNNHRA",
            "PreferredBackupWindow": "08:17-08:47",
            "LicenseModel": "license-included",
            "DbInstancePort": 0,
            "OptionGroupMemberships": [
                {
                    "OptionGroupName": "default:sqlserver-se-12-00",
                    "Status": "in-sync"
                }
            ],
            "PreferredMaintenanceWindow": "sat:07:18-sat:07:48",
            "MasterUsername": "sa",
            "PendingModifiedValues": {},
            "StorageEncrypted": false,
            "EngineVersion": "12.00.4422.0.v1",
            "LatestRestorableTime": "2016-11-17T19:10:01Z",
            "MultiAZ": false,
            "CopyTagsToSnapshot": false,
            "AllocatedStorage": 200,
            "DBSubnetGroup": {
                "SubnetGroupStatus": "Complete",
                "DBSubnetGroupDescription": "DONT USE Production, Stage, and Admin",
                "Subnets": [
                    {
                        "SubnetStatus": "Active",
                        "SubnetIdentifier": "subnet-6f6ffe0a",
                        "SubnetAvailabilityZone": {
                            "Name": "us-west-2a"
                        }
                    },
                    {
                        "SubnetStatus": "Active",
                        "SubnetIdentifier": "subnet-e41cab93",
                        "SubnetAvailabilityZone": {
                            "Name": "us-west-2b"
                        }
                    },
                    {
                        "SubnetStatus": "Active",
                        "SubnetIdentifier": "subnet-c5ba44a1",
                        "SubnetAvailabilityZone": {
                            "Name": "us-west-2a"
                        }
                    },
                    {
                        "SubnetStatus": "Active",
                        "SubnetIdentifier": "subnet-cf180bb8",
                        "SubnetAvailabilityZone": {
                            "Name": "us-west-2b"
                        }
                    }
                ],
                "DBSubnetGroupName": "prodstageadmin",
                "VpcId": "vpc-bace76df"
            },
            "InstanceCreateTime": "2016-03-21T15:08:43.574Z",
            "Engine": "sqlserver-se",
            "DBSecurityGroups": [],
            "PubliclyAccessible": false,
            "Endpoint": {
                "Address": "loadpayprod.cyeiq5qizewt.us-west-2.rds.amazonaws.com",
                "HostedZoneId": "Z1PVIF0B656C1W",
                "Port": 1433
            },
            "DBInstanceStatus": "available",
            "CACertificateIdentifier": "rds-ca-2015",
            "DBInstanceClass": "db.m1.small",
            "StorageType": "gp2",
            "AutoMinorVersionUpgrade": true,
            "MonitoringInterval": 0,
            "BackupRetentionPeriod": 7,
            "DBInstanceIdentifier": "loadpayprod",
            "AvailabilityZone": "us-west-2b",
            "ReadReplicaDBInstanceIdentifiers": []
        },
        {
            "DBParameterGroups": [
                {
                    "ParameterApplyStatus": "in-sync",
                    "DBParameterGroupName": "default.sqlserver-se-12.0"
                }
            ],
            "VpcSecurityGroups": [
                {
                    "Status": "active",
                    "VpcSecurityGroupId": "sg-b036afd7"
                }
            ],
            "DbiResourceId": "db-7LOYKCKP4WNXODCKGWP246ONQU",
            "PreferredBackupWindow": "08:31-09:01",
            "LicenseModel": "license-included",
            "DbInstancePort": 0,
            "OptionGroupMemberships": [
                {
                    "OptionGroupName": "default:sqlserver-se-12-00",
                    "Status": "in-sync"
                }
            ],
            "PreferredMaintenanceWindow": "sun:07:58-sun:08:28",
            "MasterUsername": "lpsandboxuser",
            "PendingModifiedValues": {},
            "StorageEncrypted": false,
            "EngineVersion": "12.00.4422.0.v1",
            "LatestRestorableTime": "2016-11-17T19:13:01Z",
            "MultiAZ": false,
            "CopyTagsToSnapshot": false,
            "AllocatedStorage": 200,
            "DBSubnetGroup": {
                "SubnetGroupStatus": "Complete",
                "DBSubnetGroupDescription": "USE THIS Staging Data Subnets",
                "Subnets": [
                    {
                        "SubnetStatus": "Active",
                        "SubnetIdentifier": "subnet-c0be6698",
                        "SubnetAvailabilityZone": {
                            "Name": "us-west-2c"
                        }
                    },
                    {
                        "SubnetStatus": "Active",
                        "SubnetIdentifier": "subnet-8dca58fb",
                        "SubnetAvailabilityZone": {
                            "Name": "us-west-2b"
                        }
                    },
                    {
                        "SubnetStatus": "Active",
                        "SubnetIdentifier": "subnet-30d2a954",
                        "SubnetAvailabilityZone": {
                            "Name": "us-west-2a"
                        }
                    }
                ],
                "DBSubnetGroupName": "stage",
                "VpcId": "vpc-bace76df"
            },
            "InstanceCreateTime": "2016-09-15T19:28:51.628Z",
            "Engine": "sqlserver-se",
            "DBSecurityGroups": [],
            "PubliclyAccessible": false,
            "Endpoint": {
                "Address": "lpintsandbox.cyeiq5qizewt.us-west-2.rds.amazonaws.com",
                "HostedZoneId": "Z1PVIF0B656C1W",
                "Port": 1433
            },
            "DBInstanceStatus": "available",
            "CACertificateIdentifier": "rds-ca-2015",
            "DBInstanceClass": "db.m1.large",
            "StorageType": "gp2",
            "AutoMinorVersionUpgrade": true,
            "MonitoringInterval": 0,
            "BackupRetentionPeriod": 3,
            "DBInstanceIdentifier": "lpintsandbox",
            "AvailabilityZone": "us-west-2c",
            "ReadReplicaDBInstanceIdentifiers": []
        },
        {
            "DBParameterGroups": [
                {
                    "ParameterApplyStatus": "in-sync",
                    "DBParameterGroupName": "default.sqlserver-web-12.0"
                }
            ],
            "VpcSecurityGroups": [
                {
                    "Status": "active",
                    "VpcSecurityGroupId": "sg-514a3337"
                }
            ],
            "DbiResourceId": "db-GJSZKUCX7LAUCHWTQD6IX6AYVI",
            "PreferredBackupWindow": "07:06-07:36",
            "LicenseModel": "license-included",
            "DbInstancePort": 0,
            "OptionGroupMemberships": [
                {
                    "OptionGroupName": "default:sqlserver-web-12-00",
                    "Status": "in-sync"
                }
            ],
            "PreferredMaintenanceWindow": "fri:08:30-fri:09:00",
            "MasterUsername": "sa",
            "PendingModifiedValues": {},
            "StorageEncrypted": false,
            "EngineVersion": "12.00.4422.0.v1",
            "LatestRestorableTime": "2016-11-17T19:13:01Z",
            "MultiAZ": false,
            "CopyTagsToSnapshot": true,
            "AllocatedStorage": 20,
            "DBSubnetGroup": {
                "SubnetGroupStatus": "Complete",
                "DBSubnetGroupDescription": "Use THIS- Dev Subnet Group",
                "Subnets": [
                    {
                        "SubnetStatus": "Active",
                        "SubnetIdentifier": "subnet-855e93dd",
                        "SubnetAvailabilityZone": {
                            "Name": "us-west-2c"
                        }
                    },
                    {
                        "SubnetStatus": "Active",
                        "SubnetIdentifier": "subnet-4c68d23a",
                        "SubnetAvailabilityZone": {
                            "Name": "us-west-2b"
                        }
                    },
                    {
                        "SubnetStatus": "Active",
                        "SubnetIdentifier": "subnet-c9adcead",
                        "SubnetAvailabilityZone": {
                            "Name": "us-west-2a"
                        }
                    }
                ],
                "DBSubnetGroupName": "dev",
                "VpcId": "vpc-bace76df"
            },
            "InstanceCreateTime": "2016-06-30T18:56:49.655Z",
            "Engine": "sqlserver-web",
            "DBSecurityGroups": [],
            "PubliclyAccessible": false,
            "Endpoint": {
                "Address": "shippermatedev.cyeiq5qizewt.us-west-2.rds.amazonaws.com",
                "HostedZoneId": "Z1PVIF0B656C1W",
                "Port": 1433
            },
            "DBInstanceStatus": "available",
            "CACertificateIdentifier": "rds-ca-2015",
            "DBInstanceClass": "db.m4.large",
            "StorageType": "gp2",
            "AutoMinorVersionUpgrade": true,
            "MonitoringInterval": 0,
            "BackupRetentionPeriod": 7,
            "DBInstanceIdentifier": "shippermatedev",
            "AvailabilityZone": "us-west-2c",
            "ReadReplicaDBInstanceIdentifiers": []
        },
        {
            "DBParameterGroups": [
                {
                    "ParameterApplyStatus": "in-sync",
                    "DBParameterGroupName": "default.sqlserver-web-12.0"
                }
            ],
            "VpcSecurityGroups": [
                {
                    "Status": "active",
                    "VpcSecurityGroupId": "sg-514a3337"
                }
            ],
            "DbiResourceId": "db-6SRZD67NGOVZD4VV7SZBRAZ6TY",
            "PreferredBackupWindow": "13:07-13:37",
            "LicenseModel": "license-included",
            "DbInstancePort": 0,
            "OptionGroupMemberships": [
                {
                    "OptionGroupName": "default:sqlserver-web-12-00",
                    "Status": "in-sync"
                }
            ],
            "PreferredMaintenanceWindow": "sat:07:52-sat:08:22",
            "MasterUsername": "sa",
            "PendingModifiedValues": {},
            "StorageEncrypted": false,
            "EngineVersion": "12.00.4422.0.v1",
            "LatestRestorableTime": "2016-11-17T19:09:01Z",
            "MultiAZ": false,
            "CopyTagsToSnapshot": false,
            "AllocatedStorage": 20,
            "DBSubnetGroup": {
                "SubnetGroupStatus": "Complete",
                "DBSubnetGroupDescription": "Use THIS - QA Subnet Group",
                "Subnets": [
                    {
                        "SubnetStatus": "Active",
                        "SubnetIdentifier": "subnet-6c8a5834",
                        "SubnetAvailabilityZone": {
                            "Name": "us-west-2c"
                        }
                    },
                    {
                        "SubnetStatus": "Active",
                        "SubnetIdentifier": "subnet-4dbfcd29",
                        "SubnetAvailabilityZone": {
                            "Name": "us-west-2a"
                        }
                    },
                    {
                        "SubnetStatus": "Active",
                        "SubnetIdentifier": "subnet-32c45144",
                        "SubnetAvailabilityZone": {
                            "Name": "us-west-2b"
                        }
                    }
                ],
                "DBSubnetGroupName": "qa",
                "VpcId": "vpc-bace76df"
            },
            "InstanceCreateTime": "2016-07-18T23:06:22.265Z",
            "Engine": "sqlserver-web",
            "DBSecurityGroups": [],
            "PubliclyAccessible": false,
            "Endpoint": {
                "Address": "shippermateqa.cyeiq5qizewt.us-west-2.rds.amazonaws.com",
                "HostedZoneId": "Z1PVIF0B656C1W",
                "Port": 1433
            },
            "DBInstanceStatus": "available",
            "CACertificateIdentifier": "rds-ca-2015",
            "DBInstanceClass": "db.t2.small",
            "StorageType": "gp2",
            "AutoMinorVersionUpgrade": true,
            "MonitoringInterval": 0,
            "BackupRetentionPeriod": 7,
            "DBInstanceIdentifier": "shippermateqa",
            "AvailabilityZone": "us-west-2c",
            "ReadReplicaDBInstanceIdentifiers": []
        },
        {
            "DBParameterGroups": [
                {
                    "ParameterApplyStatus": "in-sync",
                    "DBParameterGroupName": "default.sqlserver-web-12.0"
                }
            ],
            "VpcSecurityGroups": [
                {
                    "Status": "active",
                    "VpcSecurityGroupId": "sg-460f2a20"
                }
            ],
            "DbiResourceId": "db-VKQKFAJDY7CPJXAT66AE4E4XGM",
            "PreferredBackupWindow": "06:55-07:25",
            "LicenseModel": "license-included",
            "DbInstancePort": 0,
            "OptionGroupMemberships": [
                {
                    "OptionGroupName": "default:sqlserver-web-12-00",
                    "Status": "in-sync"
                }
            ],
            "PreferredMaintenanceWindow": "wed:12:02-wed:12:32",
            "MasterUsername": "sa",
            "PendingModifiedValues": {},
            "StorageEncrypted": false,
            "EngineVersion": "12.00.4422.0.v1",
            "LatestRestorableTime": "2016-11-17T19:13:01Z",
            "MultiAZ": false,
            "CopyTagsToSnapshot": false,
            "AllocatedStorage": 50,
            "DBSubnetGroup": {
                "SubnetGroupStatus": "Complete",
                "DBSubnetGroupDescription": "DONT USE Production, Stage, and Admin",
                "Subnets": [
                    {
                        "SubnetStatus": "Active",
                        "SubnetIdentifier": "subnet-6f6ffe0a",
                        "SubnetAvailabilityZone": {
                            "Name": "us-west-2a"
                        }
                    },
                    {
                        "SubnetStatus": "Active",
                        "SubnetIdentifier": "subnet-e41cab93",
                        "SubnetAvailabilityZone": {
                            "Name": "us-west-2b"
                        }
                    },
                    {
                        "SubnetStatus": "Active",
                        "SubnetIdentifier": "subnet-c5ba44a1",
                        "SubnetAvailabilityZone": {
                            "Name": "us-west-2a"
                        }
                    },
                    {
                        "SubnetStatus": "Active",
                        "SubnetIdentifier": "subnet-cf180bb8",
                        "SubnetAvailabilityZone": {
                            "Name": "us-west-2b"
                        }
                    }
                ],
                "DBSubnetGroupName": "prodstageadmin",
                "VpcId": "vpc-bace76df"
            },
            "InstanceCreateTime": "2016-04-14T16:35:37.328Z",
            "Engine": "sqlserver-web",
            "DBSecurityGroups": [],
            "PubliclyAccessible": false,
            "Endpoint": {
                "Address": "shipperprod.cyeiq5qizewt.us-west-2.rds.amazonaws.com",
                "HostedZoneId": "Z1PVIF0B656C1W",
                "Port": 1433
            },
            "DBInstanceStatus": "available",
            "CACertificateIdentifier": "rds-ca-2015",
            "DBInstanceClass": "db.t2.small",
            "StorageType": "gp2",
            "AutoMinorVersionUpgrade": true,
            "MonitoringInterval": 0,
            "BackupRetentionPeriod": 7,
            "DBInstanceIdentifier": "shipperprod",
            "AvailabilityZone": "us-west-2b",
            "ReadReplicaDBInstanceIdentifiers": []
        },
        {
            "DBParameterGroups": [
                {
                    "ParameterApplyStatus": "in-sync",
                    "DBParameterGroupName": "default.sqlserver-web-12.0"
                }
            ],
            "VpcSecurityGroups": [
                {
                    "Status": "active",
                    "VpcSecurityGroupId": "sg-902161f6"
                }
            ],
            "DbiResourceId": "db-WZIOQTWYKI2BQIX5W77BZMNJWM",
            "PreferredBackupWindow": "07:38-08:08",
            "LicenseModel": "license-included",
            "DbInstancePort": 0,
            "OptionGroupMemberships": [
                {
                    "OptionGroupName": "default:sqlserver-web-12-00",
                    "Status": "in-sync"
                }
            ],
            "PreferredMaintenanceWindow": "sun:10:53-sun:11:23",
            "MasterUsername": "sa",
            "PendingModifiedValues": {},
            "StorageEncrypted": false,
            "EngineVersion": "12.00.4422.0.v1",
            "LatestRestorableTime": "2016-11-17T19:12:01Z",
            "MultiAZ": false,
            "CopyTagsToSnapshot": true,
            "AllocatedStorage": 200,
            "DBSubnetGroup": {
                "SubnetGroupStatus": "Complete",
                "DBSubnetGroupDescription": "Use THIS - QA Subnet Group",
                "Subnets": [
                    {
                        "SubnetStatus": "Active",
                        "SubnetIdentifier": "subnet-6c8a5834",
                        "SubnetAvailabilityZone": {
                            "Name": "us-west-2c"
                        }
                    },
                    {
                        "SubnetStatus": "Active",
                        "SubnetIdentifier": "subnet-4dbfcd29",
                        "SubnetAvailabilityZone": {
                            "Name": "us-west-2a"
                        }
                    },
                    {
                        "SubnetStatus": "Active",
                        "SubnetIdentifier": "subnet-32c45144",
                        "SubnetAvailabilityZone": {
                            "Name": "us-west-2b"
                        }
                    }
                ],
                "DBSubnetGroupName": "qa",
                "VpcId": "vpc-bace76df"
            },
            "InstanceCreateTime": "2016-07-18T23:51:07.270Z",
            "Engine": "sqlserver-web",
            "DBSecurityGroups": [],
            "PubliclyAccessible": false,
            "Endpoint": {
                "Address": "tscsqasql.cyeiq5qizewt.us-west-2.rds.amazonaws.com",
                "HostedZoneId": "Z1PVIF0B656C1W",
                "Port": 1433
            },
            "DBInstanceStatus": "available",
            "CACertificateIdentifier": "rds-ca-2015",
            "DBInstanceClass": "db.t2.small",
            "StorageType": "gp2",
            "AutoMinorVersionUpgrade": true,
            "MonitoringInterval": 0,
            "BackupRetentionPeriod": 7,
            "DBInstanceIdentifier": "tscsqasql",
            "AvailabilityZone": "us-west-2c",
            "ReadReplicaDBInstanceIdentifiers": []
        },
        {
            "DBParameterGroups": [
                {
                    "ParameterApplyStatus": "in-sync",
                    "DBParameterGroupName": "default.mysql5.6"
                }
            ],
            "VpcSecurityGroups": [
                {
                    "Status": "active",
                    "VpcSecurityGroupId": "sg-fe0b8999"
                }
            ],
            "DBName": "truckstop",
            "DbiResourceId": "db-JBPMJOAY5XV6KCK3JVGKVR7MJM",
            "DBSecurityGroups": [],
            "LicenseModel": "general-public-license",
            "DbInstancePort": 0,
            "OptionGroupMemberships": [
                {
                    "OptionGroupName": "default:mysql-5-6",
                    "Status": "in-sync"
                }
            ],
            "PreferredMaintenanceWindow": "sat:07:44-sat:08:14",
            "MasterUsername": "truckstop",
            "PendingModifiedValues": {},
            "StorageEncrypted": false,
            "EngineVersion": "5.6.27",
            "LatestRestorableTime": "2016-11-17T19:10:00Z",
            "MultiAZ": false,
            "CopyTagsToSnapshot": false,
            "AllocatedStorage": 20,
            "DBSubnetGroup": {
                "SubnetGroupStatus": "Complete",
                "DBSubnetGroupDescription": "DONT USE default",
                "Subnets": [
                    {
                        "SubnetStatus": "Active",
                        "SubnetIdentifier": "subnet-c9adcead",
                        "SubnetAvailabilityZone": {
                            "Name": "us-west-2a"
                        }
                    },
                    {
                        "SubnetStatus": "Active",
                        "SubnetIdentifier": "subnet-855e93dd",
                        "SubnetAvailabilityZone": {
                            "Name": "us-west-2c"
                        }
                    },
                    {
                        "SubnetStatus": "Active",
                        "SubnetIdentifier": "subnet-4c68d23a",
                        "SubnetAvailabilityZone": {
                            "Name": "us-west-2b"
                        }
                    }
                ],
                "DBSubnetGroupName": "default",
                "VpcId": "vpc-bace76df"
            },
            "InstanceCreateTime": "2016-06-03T22:13:20.141Z",
            "Engine": "mysql",
            "PreferredBackupWindow": "12:13-12:43",
            "PubliclyAccessible": false,
            "Endpoint": {
                "Address": "tsdevhadoop.cyeiq5qizewt.us-west-2.rds.amazonaws.com",
                "HostedZoneId": "Z1PVIF0B656C1W",
                "Port": 3306
            },
            "DBInstanceStatus": "available",
            "CACertificateIdentifier": "rds-ca-2015",
            "DBInstanceClass": "db.t2.micro",
            "StorageType": "gp2",
            "AutoMinorVersionUpgrade": true,
            "MonitoringInterval": 0,
            "BackupRetentionPeriod": 1,
            "DBInstanceIdentifier": "tsdevhadoop",
            "AvailabilityZone": "us-west-2b",
            "ReadReplicaDBInstanceIdentifiers": []
        },
        {
            "DBParameterGroups": [
                {
                    "ParameterApplyStatus": "in-sync",
                    "DBParameterGroupName": "default.sqlserver-se-12.0"
                }
            ],
            "VpcSecurityGroups": [
                {
                    "Status": "active",
                    "VpcSecurityGroupId": "sg-64edc802"
                }
            ],
            "DbiResourceId": "db-LZ2ZANCDCS3MU5EPSIZD3JFEPI",
            "PreferredBackupWindow": "08:17-08:47",
            "LicenseModel": "license-included",
            "DbInstancePort": 0,
            "OptionGroupMemberships": [
                {
                    "OptionGroupName": "default:sqlserver-se-12-00",
                    "Status": "in-sync"
                }
            ],
            "PreferredMaintenanceWindow": "sat:07:18-sat:07:48",
            "MasterUsername": "sa",
            "PendingModifiedValues": {},
            "StorageEncrypted": false,
            "EngineVersion": "12.00.4422.0.v1",
            "LatestRestorableTime": "2016-11-17T19:13:01Z",
            "MultiAZ": false,
            "CopyTagsToSnapshot": false,
            "AllocatedStorage": 200,
            "DBSubnetGroup": {
                "SubnetGroupStatus": "Complete",
                "DBSubnetGroupDescription": "DONT USE default",
                "Subnets": [
                    {
                        "SubnetStatus": "Active",
                        "SubnetIdentifier": "subnet-c9adcead",
                        "SubnetAvailabilityZone": {
                            "Name": "us-west-2a"
                        }
                    },
                    {
                        "SubnetStatus": "Active",
                        "SubnetIdentifier": "subnet-855e93dd",
                        "SubnetAvailabilityZone": {
                            "Name": "us-west-2c"
                        }
                    },
                    {
                        "SubnetStatus": "Active",
                        "SubnetIdentifier": "subnet-4c68d23a",
                        "SubnetAvailabilityZone": {
                            "Name": "us-west-2b"
                        }
                    }
                ],
                "DBSubnetGroupName": "default",
                "VpcId": "vpc-bace76df"
            },
            "InstanceCreateTime": "2016-02-29T22:53:30.626Z",
            "Engine": "sqlserver-se",
            "DBSecurityGroups": [],
            "PubliclyAccessible": false,
            "Endpoint": {
                "Address": "tslptest.cyeiq5qizewt.us-west-2.rds.amazonaws.com",
                "HostedZoneId": "Z1PVIF0B656C1W",
                "Port": 1433
            },
            "DBInstanceStatus": "available",
            "CACertificateIdentifier": "rds-ca-2015",
            "DBInstanceClass": "db.m4.large",
            "StorageType": "gp2",
            "AutoMinorVersionUpgrade": true,
            "MonitoringInterval": 0,
            "BackupRetentionPeriod": 3,
            "DBInstanceIdentifier": "tslptest",
            "AvailabilityZone": "us-west-2b",
            "ReadReplicaDBInstanceIdentifiers": []
        },
        {
            "DBParameterGroups": [
                {
                    "ParameterApplyStatus": "in-sync",
                    "DBParameterGroupName": "default.mysql5.6"
                }
            ],
            "VpcSecurityGroups": [
                {
                    "Status": "active",
                    "VpcSecurityGroupId": "sg-7af9081c"
                }
            ],
            "DbiResourceId": "db-ZMIRYHMCD4VIWRQ5OBNL6KR3OI",
            "PreferredBackupWindow": "08:00-08:30",
            "LicenseModel": "general-public-license",
            "DbInstancePort": 0,
            "OptionGroupMemberships": [
                {
                    "OptionGroupName": "default:mysql-5-6",
                    "Status": "in-sync"
                }
            ],
            "PreferredMaintenanceWindow": "tue:08:30-tue:09:00",
            "MasterUsername": "tshadoopuser",
            "PendingModifiedValues": {},
            "StorageEncrypted": false,
            "EngineVersion": "5.6.27",
            "LatestRestorableTime": "2016-11-17T19:10:00Z",
            "MultiAZ": false,
            "CopyTagsToSnapshot": false,
            "EnhancedMonitoringResourceArn": "arn:aws:logs:us-west-2:155403084636:log-group:RDSOSMetrics:log-stream:db-ZMIRYHMCD4VIWRQ5OBNL6KR3OI",
            "AllocatedStorage": 200,
            "DBSubnetGroup": {
                "SubnetGroupStatus": "Complete",
                "DBSubnetGroupDescription": "DONT USE Production, Stage, and Admin",
                "Subnets": [
                    {
                        "SubnetStatus": "Active",
                        "SubnetIdentifier": "subnet-6f6ffe0a",
                        "SubnetAvailabilityZone": {
                            "Name": "us-west-2a"
                        }
                    },
                    {
                        "SubnetStatus": "Active",
                        "SubnetIdentifier": "subnet-e41cab93",
                        "SubnetAvailabilityZone": {
                            "Name": "us-west-2b"
                        }
                    },
                    {
                        "SubnetStatus": "Active",
                        "SubnetIdentifier": "subnet-c5ba44a1",
                        "SubnetAvailabilityZone": {
                            "Name": "us-west-2a"
                        }
                    },
                    {
                        "SubnetStatus": "Active",
                        "SubnetIdentifier": "subnet-cf180bb8",
                        "SubnetAvailabilityZone": {
                            "Name": "us-west-2b"
                        }
                    }
                ],
                "DBSubnetGroupName": "prodstageadmin",
                "VpcId": "vpc-bace76df"
            },
            "InstanceCreateTime": "2016-06-02T15:18:43.341Z",
            "Engine": "mysql",
            "DBSecurityGroups": [],
            "PubliclyAccessible": false,
            "Endpoint": {
                "Address": "tsprodhadoop.cyeiq5qizewt.us-west-2.rds.amazonaws.com",
                "HostedZoneId": "Z1PVIF0B656C1W",
                "Port": 3306
            },
            "DBInstanceStatus": "available",
            "CACertificateIdentifier": "rds-ca-2015",
            "DBInstanceClass": "db.m4.xlarge",
            "StorageType": "standard",
            "MonitoringRoleArn": "arn:aws:iam::155403084636:role/rds-monitoring-role",
            "AutoMinorVersionUpgrade": true,
            "MonitoringInterval": 60,
            "BackupRetentionPeriod": 1,
            "DBInstanceIdentifier": "tsprodhadoop",
            "AvailabilityZone": "us-west-2b",
            "ReadReplicaDBInstanceIdentifiers": []
        }
    ]
}
